<?xml version="1.0" encoding="UTF-8"?>
<!-- Generated by org.testng.reporters.JUnitXMLReporter -->
<testsuite hostname="DESKTOP-RIGKATV" ignored="0" name="edge" tests="1" failures="1" timestamp="30 Apr 2022 11:53:30 GMT" time="119.085" errors="0">
  <testcase name="tc1" time="119.074" classname="org.demo.A">
    <failure type="java.lang.NullPointerException">
      <![CDATA[java.lang.NullPointerException
at org.basec.HelperClass.url(HelperClass.java:41)
at org.demo.A.tc1(A.java:41)
... Removed 25 stack frames]]>
    </failure>
  </testcase> <!-- tc1 -->
</testsuite> <!-- edge -->
