<?xml version="1.0" encoding="UTF-8"?>
<!-- Generated by org.testng.reporters.JUnitXMLReporter -->
<testsuite hostname="DESKTOP-RIGKATV" ignored="0" name="Test" tests="6" failures="1" timestamp="05 May 2022 12:11:13 GMT" time="0.211" errors="0">
  <testcase name="tc1" time="0.044" classname="org.demo.B"/>
  <testcase name="tc2" time="0.012" classname="org.demo.B">
    <skipped/>
  </testcase> <!-- tc2 -->
  <testcase name="tc2" time="0.004" classname="org.demo.B">
    <skipped/>
  </testcase> <!-- tc2 -->
  <testcase name="tc2" time="0.003" classname="org.demo.B">
    <skipped/>
  </testcase> <!-- tc2 -->
  <testcase name="tc2" time="0.004" classname="org.demo.B">
    <failure type="java.lang.AssertionError" message="expected [true] but found [false]">
      <![CDATA[java.lang.AssertionError: expected [true] but found [false]
at org.demo.B.tc2(B.java:20)
... Removed 29 stack frames]]>
    </failure>
  </testcase> <!-- tc2 -->
  <testcase name="tc3" time="0.007" classname="org.demo.B"/>
</testsuite> <!-- Test -->
